SF:lib/data/models/genre_model.dart
DA:5,2
DA:13,0
DA:14,0
DA:15,0
DA:18,0
DA:19,0
DA:20,0
DA:23,2
DA:24,6
DA:27,0
DA:28,0
LF:11
LH:3
end_of_record
SF:lib/data/models/movies-model/movie_detail_model.dart
DA:6,2
DA:52,0
DA:53,0
DA:54,0
DA:55,0
DA:56,0
DA:57,0
DA:58,0
DA:59,0
DA:60,0
DA:61,0
DA:62,0
DA:63,0
DA:64,0
DA:65,0
DA:66,0
DA:67,0
DA:68,0
DA:69,0
DA:70,0
DA:71,0
DA:72,0
DA:73,0
DA:74,0
DA:75,0
DA:78,2
DA:79,1
DA:80,1
DA:81,1
DA:82,3
DA:83,1
DA:84,1
DA:85,1
DA:86,1
DA:87,1
DA:88,1
DA:89,1
DA:90,1
DA:91,1
DA:92,1
DA:93,1
DA:94,1
DA:95,1
DA:96,1
DA:97,1
DA:98,1
DA:99,1
DA:102,2
DA:103,2
DA:104,2
DA:105,2
DA:106,8
DA:107,2
DA:108,2
DA:109,2
DA:110,2
DA:111,2
DA:112,2
DA:113,2
DA:114,2
DA:115,2
DA:119,0
DA:121,0
DA:122,0
DA:123,0
DA:124,0
DA:125,0
DA:126,0
DA:127,0
DA:128,0
DA:129,0
DA:130,0
DA:131,0
DA:132,0
DA:133,0
DA:134,0
DA:135,0
DA:136,0
DA:137,0
DA:138,0
DA:139,0
DA:140,0
DA:141,0
DA:142,0
LF:84
LH:37
end_of_record
SF:lib/data/models/movies-model/movie_model.dart
DA:5,3
DA:35,2
DA:36,1
DA:37,1
DA:38,4
DA:39,1
DA:40,1
DA:41,1
DA:42,2
DA:43,1
DA:44,1
DA:45,1
DA:46,1
DA:47,2
DA:48,1
DA:51,2
DA:52,1
DA:53,1
DA:54,4
DA:55,1
DA:56,1
DA:57,1
DA:58,1
DA:59,1
DA:60,1
DA:61,1
DA:62,1
DA:63,1
DA:64,1
DA:67,2
DA:68,2
DA:69,2
DA:70,2
DA:71,2
DA:72,2
DA:73,2
DA:74,2
DA:75,2
DA:76,2
DA:77,2
DA:78,2
DA:79,2
DA:80,2
DA:81,2
DA:85,1
DA:86,1
DA:87,1
DA:88,1
DA:89,1
DA:90,1
DA:91,1
DA:92,1
DA:93,1
DA:94,1
DA:95,1
DA:96,1
DA:97,1
DA:98,1
DA:99,1
LF:59
LH:59
end_of_record
SF:lib/data/repositories/movie_repository_impl.dart
DA:17,1
DA:23,1
DA:25,3
DA:26,5
DA:27,1
DA:28,2
DA:29,1
DA:30,2
DA:35,1
DA:37,3
DA:38,2
DA:39,1
DA:40,2
DA:41,1
DA:42,2
DA:47,1
DA:49,3
DA:50,3
DA:51,1
DA:52,2
DA:53,1
DA:54,2
DA:59,1
DA:61,3
DA:62,5
DA:63,1
DA:64,2
DA:65,1
DA:66,2
DA:71,1
DA:73,3
DA:74,5
DA:75,1
DA:76,2
DA:77,1
DA:78,2
DA:83,1
DA:85,3
DA:86,5
DA:87,1
DA:88,2
DA:89,1
DA:90,2
DA:95,1
DA:98,4
DA:99,1
DA:100,1
DA:101,3
DA:108,1
DA:111,4
DA:112,1
DA:113,1
DA:114,3
DA:119,1
DA:120,3
DA:125,1
DA:126,3
DA:127,5
LF:58
LH:58
end_of_record
SF:lib/common/exception.dart
DA:6,4
LF:1
LH:1
end_of_record
SF:lib/common/failure.dart
DA:6,16
DA:8,2
DA:9,4
DA:13,32
DA:17,4
DA:21,8
LF:6
LH:6
end_of_record
SF:lib/domain/entities/movies-entities/movie.dart
DA:4,11
DA:20,2
DA:41,5
DA:42,5
DA:43,5
DA:44,5
DA:45,5
DA:46,5
DA:47,5
DA:48,5
DA:49,5
DA:50,5
DA:51,5
DA:52,5
DA:53,5
DA:54,5
DA:55,5
LF:17
LH:17
end_of_record
SF:lib/data/models/movies-model/movie_table.dart
DA:11,2
DA:18,2
DA:19,1
DA:20,1
DA:21,1
DA:22,1
DA:25,2
DA:26,1
DA:27,1
DA:28,1
DA:29,1
DA:32,0
DA:33,0
DA:34,0
DA:35,0
DA:36,0
DA:39,2
DA:40,1
DA:41,1
DA:42,1
DA:43,1
DA:46,2
DA:48,10
LF:23
LH:18
end_of_record
SF:lib/domain/entities/genre.dart
DA:4,14
DA:12,4
DA:13,12
LF:3
LH:3
end_of_record
SF:lib/domain/entities/movies-entities/movie_detail.dart
DA:5,8
DA:33,3
DA:34,3
DA:35,3
DA:36,3
DA:37,3
DA:38,3
DA:39,3
DA:40,3
DA:41,3
DA:42,3
DA:43,3
DA:44,3
DA:45,3
LF:14
LH:14
end_of_record
SF:lib/data/datasources/db/database_helper.dart
DA:8,0
DA:12,0
DA:16,0
DA:18,0
DA:25,0
DA:26,0
DA:27,0
DA:29,0
DA:33,0
DA:34,0
DA:41,0
DA:44,0
DA:45,0
DA:46,0
DA:49,0
DA:50,0
DA:51,0
DA:54,0
DA:58,0
DA:59,0
DA:60,0
DA:63,0
DA:66,0
DA:67,0
DA:73,0
DA:74,0
DA:75,0
LF:27
LH:0
end_of_record
SF:lib/data/datasources/db/database_helper_series.dart
DA:8,0
DA:12,0
DA:13,0
DA:17,0
DA:19,0
DA:26,0
DA:27,0
DA:28,0
DA:30,0
DA:34,0
DA:35,0
DA:42,0
DA:45,0
DA:46,0
DA:47,0
DA:50,0
DA:51,0
DA:52,0
DA:55,0
DA:59,0
DA:60,0
DA:61,0
DA:64,0
DA:67,0
DA:68,0
DA:74,0
DA:75,0
DA:77,0
LF:28
LH:0
end_of_record
SF:lib/data/datasources/movies-data/movie_local_data_source.dart
DA:15,1
DA:18,1
DA:20,3
DA:23,2
DA:28,1
DA:30,3
DA:33,2
DA:38,1
DA:39,3
DA:41,1
DA:48,1
DA:49,3
DA:50,4
LF:13
LH:13
end_of_record
SF:lib/data/datasources/movies-data/movie_remote_data_source.dart
DA:27,0
DA:29,0
DA:30,0
DA:31,0
DA:32,0
DA:37,0
DA:38,0
DA:39,0
DA:40,0
DA:41,0
DA:44,0
DA:46,0
DA:47,0
DA:49,0
DA:54,0
DA:55,0
DA:56,0
DA:57,0
DA:58,0
DA:61,0
DA:63,0
DA:64,0
DA:66,0
DA:71,0
DA:72,0
DA:73,0
DA:74,0
DA:75,0
DA:77,0
DA:78,0
DA:80,0
DA:81,0
DA:83,0
DA:88,0
DA:89,0
DA:90,0
DA:91,0
DA:92,0
DA:95,0
DA:97,0
DA:98,0
DA:100,0
DA:105,0
DA:106,0
DA:107,0
DA:108,0
DA:109,0
DA:112,0
DA:114,0
DA:115,0
DA:117,0
DA:122,0
DA:123,0
DA:124,0
DA:125,0
DA:126,0
DA:128,0
DA:129,0
DA:131,0
DA:132,0
DA:134,0
LF:61
LH:0
end_of_record
SF:lib/data/datasources/series/series_local_data_source.dart
DA:15,1
DA:18,1
DA:20,3
DA:23,2
DA:28,1
DA:30,3
DA:33,2
DA:38,1
DA:39,3
DA:41,1
DA:48,1
DA:49,3
DA:50,4
LF:13
LH:13
end_of_record
SF:lib/data/datasources/series/series_remote_data_source.dart
DA:27,0
DA:29,0
DA:30,0
DA:31,0
DA:32,0
DA:37,0
DA:38,0
DA:39,0
DA:40,0
DA:41,0
DA:44,0
DA:46,0
DA:47,0
DA:49,0
DA:54,0
DA:55,0
DA:56,0
DA:57,0
DA:58,0
DA:60,0
DA:62,0
DA:63,0
DA:65,0
DA:70,0
DA:71,0
DA:72,0
DA:73,0
DA:74,0
DA:76,0
DA:77,0
DA:79,0
DA:80,0
DA:82,0
DA:87,0
DA:88,0
DA:89,0
DA:90,0
DA:91,0
DA:94,0
DA:96,0
DA:97,0
DA:99,0
DA:104,0
DA:105,0
DA:106,0
DA:107,0
DA:108,0
DA:111,0
DA:113,0
DA:114,0
DA:116,0
DA:121,0
DA:122,0
DA:123,0
DA:124,0
DA:125,0
DA:127,0
DA:128,0
DA:130,0
DA:131,0
DA:133,0
LF:61
LH:0
end_of_record
SF:lib/data/models/series/series_detail_model.dart
DA:6,2
DA:34,0
DA:35,0
DA:36,0
DA:37,0
DA:38,0
DA:39,0
DA:40,0
DA:41,0
DA:42,0
DA:43,0
DA:44,0
DA:45,0
DA:46,0
DA:47,0
DA:48,0
DA:51,2
DA:52,1
DA:53,1
DA:54,1
DA:55,1
DA:56,1
DA:57,1
DA:58,1
DA:59,1
DA:60,1
DA:61,1
DA:64,2
DA:65,2
DA:66,2
DA:67,8
DA:68,2
DA:69,2
DA:70,2
DA:71,2
DA:72,2
DA:73,2
DA:74,2
DA:75,2
DA:76,2
DA:77,2
DA:81,0
DA:82,0
DA:83,0
DA:84,0
DA:85,0
DA:86,0
DA:87,0
DA:88,0
DA:89,0
DA:90,0
DA:91,0
DA:92,0
DA:93,0
DA:94,0
LF:55
LH:26
end_of_record
SF:lib/data/models/series/series_model.dart
DA:5,3
DA:27,2
DA:28,1
DA:29,4
DA:30,1
DA:31,1
DA:32,1
DA:33,2
DA:34,1
DA:35,2
DA:36,1
DA:39,2
DA:40,1
DA:41,4
DA:42,1
DA:43,1
DA:44,1
DA:45,1
DA:46,1
DA:47,1
DA:48,1
DA:51,2
DA:52,2
DA:53,2
DA:54,2
DA:55,2
DA:56,2
DA:57,2
DA:58,2
DA:59,2
DA:60,2
DA:61,2
DA:64,1
DA:65,1
DA:66,1
DA:67,1
DA:68,1
DA:69,1
DA:70,1
DA:71,1
DA:72,1
DA:73,1
DA:74,1
LF:43
LH:43
end_of_record
SF:lib/data/models/series/series_table.dart
DA:11,2
DA:18,2
DA:19,1
DA:20,1
DA:21,1
DA:22,1
DA:25,2
DA:26,1
DA:27,1
DA:28,1
DA:29,1
DA:32,0
DA:33,0
DA:34,0
DA:35,0
DA:36,0
DA:39,2
DA:40,1
DA:41,1
DA:42,1
DA:43,1
DA:46,2
DA:47,10
LF:23
LH:18
end_of_record
SF:lib/domain/entities/series/series.dart
DA:14,11
DA:26,2
DA:33,5
DA:34,5
DA:35,5
DA:36,5
DA:37,5
DA:38,5
DA:39,5
DA:40,5
DA:41,5
DA:42,5
DA:43,5
LF:13
LH:13
end_of_record
SF:lib/domain/entities/series/series_detail.dart
DA:18,8
DA:33,3
DA:34,3
DA:35,3
DA:36,3
DA:37,3
DA:38,3
DA:39,3
DA:40,3
DA:41,3
DA:42,3
DA:43,3
DA:44,3
DA:45,3
DA:46,3
LF:15
LH:15
end_of_record
SF:lib/domain/usecases/movies-usecases/get_movie_detail.dart
DA:9,1
DA:11,1
DA:12,2
LF:3
LH:3
end_of_record
SF:lib/domain/usecases/movies-usecases/get_movie_recommendations.dart
DA:9,1
DA:11,1
DA:12,2
LF:3
LH:3
end_of_record
SF:lib/domain/usecases/movies-usecases/get_now_playing_movies.dart
DA:9,1
DA:11,1
DA:12,2
LF:3
LH:3
end_of_record
SF:lib/domain/usecases/movies-usecases/get_popular_movies.dart
DA:9,1
DA:11,1
DA:12,2
LF:3
LH:3
end_of_record
SF:lib/domain/usecases/movies-usecases/get_top_rated_movies.dart
DA:9,1
DA:11,1
DA:12,2
LF:3
LH:3
end_of_record
SF:lib/domain/usecases/movies-usecases/get_watchlist_movies.dart
DA:9,1
DA:11,1
DA:12,2
LF:3
LH:3
end_of_record
SF:lib/domain/usecases/movies-usecases/get_watchlist_status.dart
DA:6,1
DA:8,1
DA:9,2
LF:3
LH:3
end_of_record
SF:lib/domain/usecases/movies-usecases/remove_watchlist.dart
DA:9,1
DA:11,1
DA:12,2
LF:3
LH:3
end_of_record
SF:lib/domain/usecases/movies-usecases/save_watchlist.dart
DA:9,1
DA:11,1
DA:12,2
LF:3
LH:3
end_of_record
SF:lib/domain/usecases/movies-usecases/search_movies.dart
DA:9,1
DA:11,1
DA:12,2
LF:3
LH:3
end_of_record
SF:lib/domain/usecases/series/get_now_playing_series.dart
DA:9,1
DA:11,1
DA:12,2
LF:3
LH:3
end_of_record
SF:lib/domain/usecases/series/get_popular_series.dart
DA:9,1
DA:11,1
DA:12,2
LF:3
LH:3
end_of_record
SF:lib/domain/usecases/series/get_series_detail.dart
DA:9,1
DA:11,1
DA:12,2
LF:3
LH:3
end_of_record
SF:lib/domain/usecases/series/get_series_recommendations.dart
DA:9,1
DA:11,1
DA:12,2
LF:3
LH:3
end_of_record
SF:lib/domain/usecases/series/get_top_rated_series.dart
DA:9,1
DA:11,1
DA:12,2
LF:3
LH:3
end_of_record
SF:lib/domain/usecases/series/get_watchlist_series.dart
DA:9,1
DA:11,1
DA:12,2
LF:3
LH:3
end_of_record
SF:lib/domain/usecases/series/get_watchlist_series_status.dart
DA:6,1
DA:8,1
DA:9,2
LF:3
LH:3
end_of_record
SF:lib/domain/usecases/series/remove_watchlist_series.dart
DA:9,1
DA:11,1
DA:12,2
LF:3
LH:3
end_of_record
SF:lib/domain/usecases/series/save_watchlist_series.dart
DA:9,1
DA:11,1
DA:12,2
LF:3
LH:3
end_of_record
SF:lib/domain/usecases/series/search_series.dart
DA:9,1
DA:11,1
DA:12,2
LF:3
LH:3
end_of_record
SF:lib/data/models/movies-model/movie_response.dart
DA:7,1
DA:9,2
DA:10,2
DA:11,3
DA:12,3
DA:15,2
DA:16,5
DA:19,1
DA:20,2
LF:9
LH:9
end_of_record
SF:lib/data/models/series/series_response.dart
DA:7,1
DA:9,2
DA:10,2
DA:11,3
DA:12,3
DA:15,2
DA:16,5
DA:19,1
DA:20,2
LF:9
LH:9
end_of_record
SF:lib/data/repositories/series_repository_impl.dart
DA:17,1
DA:23,1
DA:25,3
DA:26,5
DA:27,1
DA:28,2
DA:29,1
DA:30,2
DA:35,1
DA:37,3
DA:38,2
DA:39,1
DA:40,2
DA:41,1
DA:42,2
DA:47,1
DA:49,3
DA:50,3
DA:51,1
DA:52,2
DA:53,1
DA:54,2
DA:59,1
DA:61,3
DA:62,5
DA:63,1
DA:64,2
DA:65,1
DA:66,2
DA:71,1
DA:73,3
DA:74,5
DA:75,1
DA:76,2
DA:77,1
DA:78,2
DA:83,1
DA:85,3
DA:86,5
DA:87,1
DA:88,2
DA:89,1
DA:90,2
DA:95,1
DA:98,2
DA:99,2
DA:100,1
DA:101,1
DA:102,3
DA:109,1
DA:112,2
DA:113,2
DA:114,1
DA:115,1
DA:116,3
DA:121,1
DA:122,3
DA:127,1
DA:128,3
DA:129,5
LF:60
LH:60
end_of_record
SF:lib/presentation/pages/about_page/about_page.dart
DA:7,1
DA:9,1
DA:10,1
DA:11,1
DA:12,1
DA:13,1
DA:14,1
DA:15,1
DA:17,1
DA:18,1
DA:25,1
DA:26,1
DA:29,1
DA:31,1
DA:38,1
DA:39,1
DA:40,0
DA:41,1
LF:18
LH:17
end_of_record
SF:lib/common/constants.dart
DA:15,4
DA:16,2
DA:17,36
DA:19,0
DA:21,0
DA:25,0
DA:26,0
DA:27,0
DA:28,0
DA:29,0
LF:10
LH:3
end_of_record
SF:lib/presentation/bloc/convert_search/convert_search_bloc.dart
DA:12,2
DA:13,6
DA:19,3
DA:20,1
DA:21,1
DA:22,1
DA:24,2
DA:25,3
DA:27,1
DA:28,1
DA:29,3
DA:31,1
DA:32,2
DA:36,1
DA:44,3
DA:45,1
DA:46,1
DA:47,1
DA:49,2
DA:50,3
DA:52,1
DA:53,1
DA:54,3
DA:56,1
DA:57,2
DA:61,1
LF:26
LH:26
end_of_record
SF:lib/presentation/bloc/convert_search/convert_search_state.dart
DA:4,4
DA:6,2
DA:7,2
DA:17,4
DA:19,2
DA:20,4
DA:26,2
DA:28,1
DA:29,2
DA:35,2
DA:37,1
DA:38,2
LF:12
LH:12
end_of_record
SF:lib/presentation/bloc/convert_search/convert_search_event.dart
DA:4,2
DA:6,0
DA:7,0
DA:13,2
DA:15,0
DA:16,0
LF:6
LH:2
end_of_record
SF:lib/presentation/bloc/movies/movie_bloc.dart
DA:21,1
DA:22,2
DA:23,2
DA:24,2
DA:25,3
DA:27,1
DA:28,1
DA:29,3
DA:31,1
DA:32,2
DA:42,3
DA:43,2
DA:44,2
DA:45,3
DA:47,1
DA:48,1
DA:49,3
DA:51,1
DA:52,2
DA:62,3
DA:63,2
DA:64,2
DA:65,3
DA:67,1
DA:68,1
DA:69,3
DA:71,1
DA:72,2
DA:82,3
DA:83,2
DA:84,1
DA:86,2
DA:87,3
DA:89,1
DA:90,1
DA:91,3
DA:93,1
DA:94,2
DA:104,1
DA:105,2
DA:106,2
DA:107,1
DA:109,2
DA:111,3
DA:113,1
DA:114,1
DA:115,3
DA:117,1
DA:118,2
DA:131,1
DA:136,2
DA:137,2
DA:138,2
DA:140,3
DA:142,1
DA:143,1
DA:144,3
DA:146,1
DA:147,2
DA:152,2
DA:153,2
DA:154,4
DA:156,2
DA:159,2
DA:160,1
DA:161,3
DA:163,2
DA:164,3
DA:165,1
DA:166,2
DA:170,2
DA:171,1
DA:172,3
DA:174,2
DA:175,3
DA:176,1
DA:177,2
LF:77
LH:77
end_of_record
SF:lib/presentation/bloc/movies/movie_event.dart
DA:4,11
DA:8,1
DA:9,1
DA:13,0
DA:14,0
DA:18,0
DA:19,0
DA:25,2
DA:27,0
DA:28,0
DA:34,2
DA:35,0
DA:36,0
DA:42,1
DA:44,1
DA:45,2
DA:51,1
DA:53,1
DA:54,2
DA:58,1
DA:59,1
DA:65,2
DA:67,1
DA:68,2
LF:24
LH:16
end_of_record
SF:lib/presentation/bloc/movies/movie_state.dart
DA:4,14
DA:6,5
DA:7,5
DA:11,1
DA:12,1
DA:20,2
DA:22,1
DA:23,2
DA:29,2
DA:31,1
DA:32,2
DA:42,2
DA:44,1
DA:45,2
DA:51,3
DA:53,1
DA:54,2
DA:64,2
DA:66,1
DA:67,2
DA:77,2
DA:79,1
DA:80,2
DA:86,3
DA:88,1
DA:89,2
DA:95,2
DA:97,1
DA:98,2
DA:108,2
DA:110,1
DA:111,2
DA:117,3
DA:119,1
DA:120,2
DA:124,5
DA:126,1
DA:127,1
DA:133,2
DA:135,1
DA:136,2
DA:142,2
DA:144,1
DA:145,2
DA:151,3
DA:153,1
DA:154,2
DA:164,3
DA:166,1
DA:167,2
LF:50
LH:50
end_of_record
SF:lib/presentation/bloc/series/series_bloc.dart
DA:21,1
DA:22,2
DA:23,2
DA:24,2
DA:25,3
DA:27,1
DA:28,1
DA:29,3
DA:31,1
DA:32,2
DA:42,3
DA:43,2
DA:44,2
DA:45,3
DA:47,1
DA:48,1
DA:49,3
DA:51,1
DA:52,2
DA:62,3
DA:63,2
DA:64,1
DA:66,2
DA:67,3
DA:69,1
DA:70,1
DA:71,3
DA:73,1
DA:74,2
DA:84,1
DA:85,2
DA:86,2
DA:87,1
DA:89,2
DA:91,3
DA:93,2
DA:94,3
DA:95,1
DA:96,2
DA:105,3
DA:106,2
DA:107,2
DA:108,3
DA:110,1
DA:111,1
DA:112,3
DA:114,1
DA:115,2
DA:128,1
DA:133,2
DA:134,2
DA:135,2
DA:137,3
DA:139,1
DA:140,1
DA:141,3
DA:143,1
DA:144,2
DA:149,2
DA:150,2
DA:151,4
DA:153,2
DA:156,2
DA:157,1
DA:158,3
DA:160,2
DA:161,3
DA:162,1
DA:163,2
DA:167,2
DA:168,1
DA:169,3
DA:171,2
DA:172,3
DA:173,1
DA:174,2
LF:76
LH:76
end_of_record
SF:lib/presentation/bloc/series/series_event.dart
DA:4,11
DA:10,1
DA:12,1
DA:13,2
DA:17,1
DA:18,1
DA:24,2
DA:25,0
DA:26,0
DA:30,1
DA:31,1
DA:37,2
DA:39,1
DA:40,2
DA:44,0
DA:45,0
DA:49,0
DA:50,0
DA:56,2
DA:58,0
DA:59,0
DA:65,1
DA:67,1
DA:68,2
LF:24
LH:16
end_of_record
SF:lib/presentation/bloc/series/series_state.dart
DA:4,14
DA:6,5
DA:7,5
DA:17,2
DA:19,1
DA:20,2
DA:26,2
DA:28,1
DA:29,2
DA:39,2
DA:41,1
DA:42,2
DA:48,3
DA:50,1
DA:51,2
DA:61,2
DA:63,1
DA:64,2
DA:70,3
DA:72,1
DA:73,2
DA:83,2
DA:85,1
DA:86,2
DA:92,2
DA:94,1
DA:95,2
DA:105,2
DA:107,1
DA:108,2
DA:114,3
DA:116,1
DA:117,2
DA:121,5
DA:123,1
DA:124,1
DA:134,2
DA:136,1
DA:137,2
DA:143,3
DA:145,1
DA:146,2
DA:152,3
DA:154,1
DA:155,2
DA:161,2
DA:163,1
DA:164,2
LF:48
LH:48
end_of_record
SF:lib/presentation/pages/series/popular_series_page.dart
DA:9,1
DA:10,1
DA:14,1
DA:16,1
DA:17,1
DA:18,4
DA:19,1
DA:24,1
DA:26,1
DA:28,1
DA:29,1
DA:31,1
DA:33,1
DA:34,1
DA:35,1
DA:39,1
DA:40,1
DA:41,1
DA:42,1
DA:43,1
DA:44,1
DA:46,1
DA:49,0
LF:23
LH:22
end_of_record
SF:lib/presentation/widgets/series_card_list.dart
DA:10,4
DA:12,4
DA:14,4
DA:16,4
DA:17,0
DA:18,0
DA:21,0
DA:24,4
DA:26,4
DA:27,4
DA:28,4
DA:34,4
DA:36,4
DA:37,4
DA:38,8
DA:41,4
DA:43,4
DA:44,4
DA:45,8
DA:53,4
DA:58,4
DA:59,4
DA:60,12
DA:62,8
DA:63,4
DA:65,0
DA:67,8
LF:27
LH:23
end_of_record
SF:lib/presentation/pages/series/series_detail_page.dart
DA:14,1
DA:16,1
DA:17,1
DA:21,1
DA:23,1
DA:24,2
DA:25,3
DA:26,3
DA:28,3
DA:29,3
DA:31,3
DA:32,3
DA:37,1
DA:40,2
DA:41,2
DA:42,0
DA:47,1
DA:49,1
DA:50,1
DA:51,1
DA:55,1
DA:56,1
DA:57,1
DA:58,1
DA:64,0
DA:76,1
DA:78,1
DA:79,1
DA:83,1
DA:85,3
DA:86,1
DA:87,1
DA:88,1
DA:90,4
DA:92,2
DA:93,1
DA:95,0
DA:97,1
DA:99,1
DA:100,1
DA:101,1
DA:111,1
DA:112,1
DA:113,1
DA:115,1
DA:117,1
DA:119,1
DA:120,1
DA:121,3
DA:122,1
DA:124,1
DA:125,0
DA:126,0
DA:128,0
DA:129,0
DA:131,0
DA:132,0
DA:141,0
DA:143,0
DA:145,0
DA:146,0
DA:147,0
DA:151,0
DA:155,0
DA:156,0
DA:157,0
DA:158,0
DA:159,0
DA:163,0
DA:165,0
DA:166,0
DA:167,0
DA:171,0
DA:172,0
DA:173,0
DA:176,1
DA:178,1
DA:179,2
DA:186,1
DA:187,4
DA:189,1
DA:190,4
DA:192,1
DA:193,4
DA:195,1
DA:196,1
DA:197,4
DA:199,1
DA:200,1
DA:201,4
DA:203,1
DA:204,1
DA:205,1
DA:206,4
DA:208,1
DA:214,5
DA:218,1
DA:220,1
DA:222,1
DA:223,3
DA:226,1
DA:228,1
DA:230,1
DA:231,1
DA:232,1
DA:236,1
DA:237,0
DA:238,0
DA:241,1
DA:242,1
DA:244,1
DA:246,1
DA:247,2
DA:248,1
DA:250,1
DA:251,0
DA:252,0
DA:255,0
DA:258,1
DA:263,1
DA:265,2
DA:266,1
DA:272,0
DA:279,2
DA:282,0
DA:287,0
DA:295,1
DA:297,1
DA:310,1
DA:312,1
DA:315,1
DA:316,1
DA:317,0
DA:318,0
DA:327,1
DA:329,2
DA:330,3
DA:333,1
DA:337,3
LF:139
LH:102
end_of_record
SF:lib/presentation/pages/series/home_series_page.dart
DA:17,1
DA:18,1
DA:22,1
DA:24,1
DA:25,2
DA:26,3
DA:27,1
DA:29,3
DA:30,1
DA:32,3
DA:33,1
DA:38,1
DA:40,1
DA:41,1
DA:42,1
DA:43,1
DA:44,1
DA:45,1
DA:46,1
DA:48,1
DA:49,1
DA:51,1
DA:52,1
DA:53,1
DA:54,0
DA:55,0
DA:58,1
DA:59,1
DA:60,1
DA:61,0
DA:62,0
DA:65,1
DA:66,1
DA:67,1
DA:68,0
DA:69,0
DA:72,1
DA:73,0
DA:74,0
DA:76,1
DA:77,1
DA:82,1
DA:83,1
DA:84,1
DA:85,1
DA:86,0
DA:87,0
DA:89,1
DA:93,1
DA:95,1
DA:96,1
DA:98,1
DA:99,1
DA:101,1
DA:103,1
DA:104,1
DA:105,1
DA:109,1
DA:110,1
DA:111,1
DA:113,0
DA:116,1
DA:118,0
DA:119,0
DA:121,1
DA:122,1
DA:123,1
DA:127,1
DA:128,1
DA:129,1
DA:131,0
DA:134,1
DA:136,0
DA:137,0
DA:140,1
DA:141,1
DA:142,1
DA:146,1
DA:147,1
DA:148,1
DA:150,0
DA:160,1
DA:161,1
DA:163,1
DA:164,1
DA:166,1
DA:168,1
DA:170,1
DA:171,3
DA:182,1
DA:184,1
DA:186,1
DA:188,1
DA:190,1
DA:191,2
DA:192,1
DA:194,1
DA:195,0
DA:196,0
DA:199,0
DA:202,1
DA:203,2
DA:204,1
DA:205,2
DA:206,2
DA:207,1
DA:209,0
DA:215,2
LF:108
LH:87
end_of_record
SF:lib/common/utils.dart
DA:3,6
LF:1
LH:1
end_of_record
SF:lib/presentation/pages/series/series_search_page.dart
DA:10,1
DA:12,1
DA:14,1
DA:15,1
DA:17,1
DA:19,1
DA:21,1
DA:22,1
DA:23,0
DA:24,0
DA:26,1
DA:28,1
DA:29,1
DA:33,1
DA:34,1
DA:36,1
DA:38,1
DA:39,1
DA:40,1
DA:41,1
DA:42,1
DA:44,1
DA:45,1
DA:46,1
DA:47,1
DA:49,1
DA:50,1
DA:51,1
DA:53,1
DA:56,1
DA:57,1
DA:58,1
DA:59,1
DA:62,0
LF:34
LH:31
end_of_record
SF:lib/presentation/pages/series/top_rated_series_page.dart
DA:9,1
DA:10,1
DA:14,1
DA:16,1
DA:17,1
DA:18,4
DA:19,1
DA:24,1
DA:26,1
DA:28,1
DA:29,1
DA:31,1
DA:33,1
DA:34,1
DA:35,1
DA:39,1
DA:40,1
DA:41,1
DA:42,1
DA:43,1
DA:44,1
DA:46,1
DA:49,0
LF:23
LH:22
end_of_record
SF:lib/presentation/pages/series/watchlist_series_page.dart
DA:10,1
DA:11,1
DA:16,1
DA:18,1
DA:19,1
DA:20,4
DA:21,1
DA:26,1
DA:28,1
DA:29,4
DA:32,0
DA:33,0
DA:34,0
DA:38,1
DA:40,1
DA:42,1
DA:43,1
DA:45,1
DA:47,1
DA:48,1
DA:49,1
DA:53,1
DA:54,1
DA:55,1
DA:56,2
DA:57,1
DA:59,2
DA:61,1
DA:62,1
DA:63,1
DA:67,0
DA:75,1
DA:77,2
DA:78,1
LF:34
LH:30
end_of_record
SF:lib/presentation/pages/movie_page/search_page.dart
DA:10,1
DA:12,1
DA:14,1
DA:15,1
DA:17,1
DA:19,1
DA:21,1
DA:22,1
DA:23,0
DA:24,0
DA:26,1
DA:28,1
DA:29,1
DA:33,1
DA:34,1
DA:36,1
DA:38,1
DA:39,1
DA:40,1
DA:41,1
DA:42,1
DA:44,1
DA:45,1
DA:46,1
DA:47,1
DA:49,1
DA:50,1
DA:51,1
DA:53,1
DA:56,1
DA:57,1
DA:58,1
DA:59,1
DA:62,0
LF:34
LH:31
end_of_record
SF:lib/presentation/widgets/movie_card_list.dart
DA:10,4
DA:12,4
DA:14,4
DA:16,4
DA:17,0
DA:18,0
DA:21,0
DA:24,4
DA:26,4
DA:27,4
DA:28,4
DA:34,4
DA:36,4
DA:37,4
DA:38,8
DA:41,4
DA:43,4
DA:44,4
DA:45,8
DA:53,4
DA:58,4
DA:59,4
DA:60,12
DA:62,8
DA:63,4
DA:65,0
DA:67,8
LF:27
LH:23
end_of_record
SF:lib/presentation/pages/movie_page/movie_detail_page.dart
DA:15,1
DA:17,1
DA:18,1
DA:22,1
DA:24,1
DA:25,2
DA:26,3
DA:27,3
DA:29,3
DA:30,3
DA:32,3
DA:33,3
DA:38,1
DA:40,2
DA:41,2
DA:42,0
DA:47,1
DA:49,2
DA:50,1
DA:54,1
DA:55,1
DA:56,1
DA:57,1
DA:63,0
DA:74,1
DA:76,1
DA:77,1
DA:81,1
DA:83,3
DA:84,1
DA:85,1
DA:86,1
DA:87,4
DA:89,1
DA:92,0
DA:94,1
DA:96,1
DA:97,1
DA:98,1
DA:108,1
DA:109,1
DA:110,1
DA:112,1
DA:114,1
DA:116,1
DA:117,1
DA:118,3
DA:119,1
DA:121,1
DA:122,0
DA:123,0
DA:125,0
DA:126,0
DA:129,0
DA:130,0
DA:139,0
DA:140,0
DA:142,0
DA:143,0
DA:144,0
DA:148,0
DA:152,0
DA:153,0
DA:154,0
DA:155,0
DA:156,0
DA:160,0
DA:162,0
DA:163,0
DA:164,0
DA:168,0
DA:169,0
DA:170,0
DA:173,1
DA:175,1
DA:176,2
DA:183,1
DA:184,4
DA:186,1
DA:187,4
DA:189,1
DA:190,1
DA:191,1
DA:192,4
DA:194,1
DA:200,5
DA:204,1
DA:206,1
DA:208,1
DA:209,3
DA:212,1
DA:214,1
DA:216,1
DA:217,1
DA:218,1
DA:222,1
DA:223,0
DA:224,0
DA:227,1
DA:228,1
DA:229,1
DA:231,1
DA:233,1
DA:234,1
DA:235,1
DA:237,1
DA:238,0
DA:239,0
DA:242,0
DA:245,1
DA:250,1
DA:252,2
DA:253,1
DA:259,0
DA:266,1
DA:269,0
DA:274,0
DA:282,1
DA:284,1
DA:297,1
DA:299,1
DA:302,1
DA:304,0
DA:305,0
DA:314,1
DA:316,2
DA:317,3
DA:320,1
DA:324,3
DA:327,1
DA:328,1
DA:329,1
DA:331,1
DA:332,1
DA:334,0
LF:135
LH:97
end_of_record
SF:lib/presentation/pages/movie_page/top_rated_movies_page.dart
DA:9,1
DA:10,1
DA:14,1
DA:16,1
DA:17,1
DA:18,4
DA:19,1
DA:24,1
DA:26,1
DA:28,1
DA:29,1
DA:31,1
DA:33,1
DA:34,1
DA:35,1
DA:39,1
DA:40,1
DA:41,1
DA:42,1
DA:43,1
DA:44,1
DA:46,1
DA:49,0
LF:23
LH:22
end_of_record
SF:lib/presentation/pages/movie_page/home_movie_page.dart
DA:15,1
DA:16,1
DA:20,1
DA:22,1
DA:23,2
DA:24,2
DA:25,2
DA:26,2
DA:27,2
DA:28,2
DA:29,2
DA:33,1
DA:35,1
DA:36,1
DA:37,1
DA:38,1
DA:39,1
DA:40,1
DA:41,1
DA:43,1
DA:44,1
DA:46,1
DA:47,1
DA:48,1
DA:49,0
DA:50,0
DA:53,1
DA:54,1
DA:55,1
DA:56,0
DA:57,0
DA:60,1
DA:61,1
DA:62,1
DA:63,0
DA:64,0
DA:67,1
DA:68,0
DA:69,0
DA:71,1
DA:72,1
DA:77,1
DA:78,1
DA:79,1
DA:80,1
DA:81,0
DA:82,0
DA:84,1
DA:88,1
DA:90,1
DA:91,1
DA:93,1
DA:94,1
DA:96,1
DA:98,1
DA:99,1
DA:100,1
DA:104,1
DA:105,1
DA:106,1
DA:108,0
DA:112,1
DA:114,0
DA:115,0
DA:117,1
DA:118,1
DA:119,1
DA:123,1
DA:124,1
DA:125,1
DA:127,0
DA:131,1
DA:133,0
DA:134,0
DA:136,1
DA:137,1
DA:138,1
DA:142,1
DA:143,1
DA:144,1
DA:146,0
DA:157,1
DA:158,1
DA:160,1
DA:161,1
DA:163,1
DA:165,1
DA:167,1
DA:169,1
DA:170,3
DA:182,1
DA:184,1
DA:186,1
DA:188,1
DA:190,1
DA:191,2
DA:192,1
DA:194,1
DA:195,0
DA:196,0
DA:199,0
DA:202,1
DA:203,2
DA:204,1
DA:205,2
DA:206,2
DA:207,1
DA:209,0
DA:215,2
LF:109
LH:88
end_of_record
SF:lib/presentation/pages/movie_page/popular_movies_page.dart
DA:9,1
DA:10,1
DA:14,1
DA:16,1
DA:17,1
DA:18,4
DA:19,1
DA:24,1
DA:26,1
DA:28,1
DA:29,1
DA:31,1
DA:33,1
DA:34,1
DA:35,1
DA:39,1
DA:40,1
DA:41,1
DA:42,1
DA:43,1
DA:44,1
DA:46,1
DA:49,0
LF:23
LH:22
end_of_record
SF:lib/presentation/pages/movie_page/watchlist_movies_page.dart
DA:10,1
DA:11,1
DA:16,1
DA:18,1
DA:19,1
DA:20,4
DA:21,1
DA:26,1
DA:28,1
DA:29,4
DA:32,0
DA:33,0
DA:34,0
DA:38,1
DA:40,1
DA:42,1
DA:43,1
DA:45,1
DA:47,1
DA:48,1
DA:49,1
DA:53,1
DA:54,1
DA:55,1
DA:56,2
DA:57,1
DA:59,2
DA:61,1
DA:62,1
DA:63,1
DA:67,0
DA:75,1
DA:77,2
DA:78,1
LF:34
LH:30
end_of_record
